<?xml version="1.0" encoding="UTF-8"?>
<testsuites name="jest tests" tests="1" failures="0" errors="0" time="1.253">
  <testsuite name="undefined" errors="0" failures="0" skipped="0" timestamp="2021-05-17T08:10:13" time="0.54" tests="1">
    <testcase classname=" fake test" name=" fake test" time="0.002">
    </testcase>
  </testsuite>
</testsuites>